{"/Users/ahmad.ramadhan/Documents/sides/express-binar-car-rental/api/index.ts": {"path":"/Users/ahmad.ramadhan/Documents/sides/express-binar-car-rental/api/index.ts","statementMap":{"0":{"start":{"line":1,"column":18},"end":{"line":1,"column":38}},"1":{"start":{"line":2,"column":13},"end":{"line":2,"column":28}},"2":{"start":{"line":3,"column":18},"end":{"line":3,"column":36}},"3":{"start":{"line":4,"column":17},"end":{"line":4,"column":43}},"4":{"start":{"line":5,"column":19},"end":{"line":5,"column":41}},"5":{"start":{"line":7,"column":13},"end":{"line":7,"column":30}},"6":{"start":{"line":8,"column":13},"end":{"line":8,"column":28}},"7":{"start":{"line":9,"column":18},"end":{"line":9,"column":47}},"8":{"start":{"line":10,"column":16},"end":{"line":10,"column":51}},"9":{"start":{"line":11,"column":21},"end":{"line":11,"column":62}},"10":{"start":{"line":12,"column":18},"end":{"line":12,"column":51}},"11":{"start":{"line":13,"column":15},"end":{"line":13,"column":49}},"12":{"start":{"line":14,"column":19},"end":{"line":14,"column":53}},"13":{"start":{"line":17,"column":21},"end":{"line":17,"column":32}},"14":{"start":{"line":18,"column":0},"end":{"line":18,"column":27}},"15":{"start":{"line":19,"column":0},"end":{"line":19,"column":48}},"16":{"start":{"line":20,"column":24},"end":{"line":20,"column":51}},"17":{"start":{"line":21,"column":19},"end":{"line":21,"column":43}},"18":{"start":{"line":22,"column":21},"end":{"line":30,"column":2}},"19":{"start":{"line":32,"column":21},"end":{"line":32,"column":25}},"20":{"start":{"line":34,"column":0},"end":{"line":34,"column":25}},"21":{"start":{"line":35,"column":0},"end":{"line":39,"column":3}},"22":{"start":{"line":41,"column":0},"end":{"line":41,"column":16}},"23":{"start":{"line":43,"column":0},"end":{"line":43,"column":30}},"24":{"start":{"line":46,"column":0},"end":{"line":46,"column":32}},"25":{"start":{"line":47,"column":0},"end":{"line":47,"column":36}},"26":{"start":{"line":48,"column":0},"end":{"line":48,"column":22}},"27":{"start":{"line":51,"column":0},"end":{"line":51,"column":80}},"28":{"start":{"line":52,"column":0},"end":{"line":52,"column":31}},"29":{"start":{"line":53,"column":0},"end":{"line":53,"column":33}},"30":{"start":{"line":56,"column":0},"end":{"line":73,"column":3}},"31":{"start":{"line":57,"column":21},"end":{"line":57,"column":55}},"32":{"start":{"line":58,"column":15},"end":{"line":58,"column":63}},"33":{"start":{"line":61,"column":2},"end":{"line":72,"column":5}},"34":{"start":{"line":62,"column":4},"end":{"line":66,"column":null}},"35":{"start":{"line":63,"column":6},"end":{"line":65,"column":9}},"36":{"start":{"line":68,"column":4},"end":{"line":71,"column":7}},"37":{"start":{"line":75,"column":15},"end":{"line":77,"column":2}},"38":{"start":{"line":76,"column":2},"end":{"line":76,"column":46}},"39":{"start":{"line":80,"column":0},"end":{"line":80,"column":null}}},"fnMap":{"0":{"name":"(anonymous_0)","decl":{"start":{"line":56,"column":55},"end":{"line":56,"column":56}},"loc":{"start":{"line":56,"column":68},"end":{"line":73,"column":1}}},"1":{"name":"(anonymous_1)","decl":{"start":{"line":61,"column":35},"end":{"line":61,"column":36}},"loc":{"start":{"line":61,"column":51},"end":{"line":72,"column":3}}},"2":{"name":"(anonymous_2)","decl":{"start":{"line":75,"column":32},"end":{"line":75,"column":35}},"loc":{"start":{"line":75,"column":37},"end":{"line":77,"column":1}}}},"branchMap":{"0":{"loc":{"start":{"line":62,"column":4},"end":{"line":66,"column":null}},"type":"if","locations":[{"start":{"line":62,"column":4},"end":{"line":66,"column":null}}]}},"s":{"0":1,"1":1,"2":1,"3":1,"4":1,"5":1,"6":1,"7":1,"8":1,"9":1,"10":1,"11":1,"12":1,"13":1,"14":1,"15":1,"16":1,"17":1,"18":1,"19":1,"20":1,"21":1,"22":1,"23":1,"24":1,"25":1,"26":1,"27":1,"28":1,"29":1,"30":1,"31":0,"32":0,"33":0,"34":0,"35":0,"36":0,"37":1,"38":1,"39":1},"f":{"0":0,"1":0,"2":1},"b":{"0":[0]}}
,"/Users/ahmad.ramadhan/Documents/sides/express-binar-car-rental/api/src/controllers/carsControllers.ts": {"path":"/Users/ahmad.ramadhan/Documents/sides/express-binar-car-rental/api/src/controllers/carsControllers.ts","statementMap":{"0":{"start":{"line":1,"column":0},"end":{"line":1,"column":53}},"1":{"start":{"line":2,"column":0},"end":{"line":2,"column":42}},"2":{"start":{"line":4,"column":16},"end":{"line":4,"column":42}},"3":{"start":{"line":5,"column":17},"end":{"line":5,"column":44}},"4":{"start":{"line":6,"column":23},"end":{"line":6,"column":38}},"5":{"start":{"line":9,"column":12},"end":{"line":35,"column":2}},"6":{"start":{"line":9,"column":50},"end":{"line":35,"column":2}},"7":{"start":{"line":10,"column":17},"end":{"line":10,"column":48}},"8":{"start":{"line":12,"column":2},"end":{"line":15,"column":5}},"9":{"start":{"line":37,"column":13},"end":{"line":58,"column":2}},"10":{"start":{"line":37,"column":51},"end":{"line":58,"column":2}},"11":{"start":{"line":38,"column":18},"end":{"line":38,"column":26}},"12":{"start":{"line":40,"column":2},"end":{"line":40,"column":null}},"13":{"start":{"line":43,"column":23},"end":{"line":43,"column":33}},"14":{"start":{"line":46,"column":15},"end":{"line":46,"column":28}},"15":{"start":{"line":48,"column":18},"end":{"line":50,"column":19}},"16":{"start":{"line":54,"column":2},"end":{"line":54,"column":39}},"17":{"start":{"line":60,"column":16},"end":{"line":84,"column":2}},"18":{"start":{"line":60,"column":54},"end":{"line":84,"column":2}},"19":{"start":{"line":62,"column":13},"end":{"line":62,"column":34}},"20":{"start":{"line":64,"column":2},"end":{"line":71,"column":null}},"21":{"start":{"line":65,"column":20},"end":{"line":65,"column":74}},"22":{"start":{"line":67,"column":4},"end":{"line":67,"column":29}},"23":{"start":{"line":70,"column":4},"end":{"line":70,"column":27}},"24":{"start":{"line":86,"column":19},"end":{"line":101,"column":2}},"25":{"start":{"line":86,"column":57},"end":{"line":101,"column":2}},"26":{"start":{"line":89,"column":19},"end":{"line":89,"column":29}},"27":{"start":{"line":90,"column":23},"end":{"line":90,"column":42}},"28":{"start":{"line":92,"column":21},"end":{"line":94,"column":10}},"29":{"start":{"line":97,"column":2},"end":{"line":100,"column":5}},"30":{"start":{"line":103,"column":19},"end":{"line":120,"column":2}},"31":{"start":{"line":103,"column":57},"end":{"line":120,"column":2}},"32":{"start":{"line":104,"column":18},"end":{"line":104,"column":26}},"33":{"start":{"line":106,"column":19},"end":{"line":106,"column":29}},"34":{"start":{"line":109,"column":23},"end":{"line":109,"column":42}},"35":{"start":{"line":112,"column":15},"end":{"line":112,"column":28}},"36":{"start":{"line":114,"column":17},"end":{"line":116,"column":21}},"37":{"start":{"line":119,"column":2},"end":{"line":119,"column":26}},"38":{"start":{"line":122,"column":0},"end":{"line":128,"column":2}}},"fnMap":{"0":{"name":"(anonymous_8)","decl":{"start":{"line":9,"column":12},"end":{"line":9,"column":19}},"loc":{"start":{"line":9,"column":50},"end":{"line":35,"column":2}}},"1":{"name":"(anonymous_9)","decl":{"start":{"line":9,"column":50},"end":{"line":9,"column":null}},"loc":{"start":{"line":9,"column":50},"end":{"line":35,"column":1}}},"2":{"name":"(anonymous_10)","decl":{"start":{"line":37,"column":13},"end":{"line":37,"column":20}},"loc":{"start":{"line":37,"column":51},"end":{"line":58,"column":2}}},"3":{"name":"(anonymous_11)","decl":{"start":{"line":37,"column":51},"end":{"line":37,"column":null}},"loc":{"start":{"line":37,"column":51},"end":{"line":58,"column":1}}},"4":{"name":"(anonymous_12)","decl":{"start":{"line":60,"column":16},"end":{"line":60,"column":23}},"loc":{"start":{"line":60,"column":54},"end":{"line":84,"column":2}}},"5":{"name":"(anonymous_13)","decl":{"start":{"line":60,"column":54},"end":{"line":60,"column":null}},"loc":{"start":{"line":60,"column":54},"end":{"line":84,"column":1}}},"6":{"name":"(anonymous_14)","decl":{"start":{"line":86,"column":19},"end":{"line":86,"column":26}},"loc":{"start":{"line":86,"column":57},"end":{"line":101,"column":2}}},"7":{"name":"(anonymous_15)","decl":{"start":{"line":86,"column":57},"end":{"line":86,"column":null}},"loc":{"start":{"line":86,"column":57},"end":{"line":101,"column":1}}},"8":{"name":"(anonymous_16)","decl":{"start":{"line":103,"column":19},"end":{"line":103,"column":26}},"loc":{"start":{"line":103,"column":57},"end":{"line":120,"column":2}}},"9":{"name":"(anonymous_17)","decl":{"start":{"line":103,"column":57},"end":{"line":103,"column":null}},"loc":{"start":{"line":103,"column":57},"end":{"line":120,"column":1}}}},"branchMap":{"0":{"loc":{"start":{"line":46,"column":15},"end":{"line":46,"column":28}},"type":"cond-expr","locations":[{"start":{"line":46,"column":22},"end":{"line":46,"column":24}},{"start":{"line":46,"column":15},"end":{"line":46,"column":28}}]},"1":{"loc":{"start":{"line":46,"column":15},"end":{"line":46,"column":24}},"type":"binary-expr","locations":[{"start":{"line":46,"column":15},"end":{"line":46,"column":24}},{"start":{"line":46,"column":15},"end":{"line":46,"column":24}}]},"2":{"loc":{"start":{"line":112,"column":15},"end":{"line":112,"column":28}},"type":"cond-expr","locations":[{"start":{"line":112,"column":22},"end":{"line":112,"column":24}},{"start":{"line":112,"column":15},"end":{"line":112,"column":28}}]},"3":{"loc":{"start":{"line":112,"column":15},"end":{"line":112,"column":24}},"type":"binary-expr","locations":[{"start":{"line":112,"column":15},"end":{"line":112,"column":24}},{"start":{"line":112,"column":15},"end":{"line":112,"column":24}}]}},"s":{"0":1,"1":1,"2":1,"3":1,"4":1,"5":1,"6":0,"7":0,"8":0,"9":1,"10":1,"11":1,"12":1,"13":1,"14":1,"15":1,"16":1,"17":1,"18":0,"19":0,"20":0,"21":0,"22":0,"23":0,"24":1,"25":0,"26":0,"27":0,"28":0,"29":0,"30":1,"31":0,"32":0,"33":0,"34":0,"35":0,"36":0,"37":0,"38":1},"f":{"0":0,"1":0,"2":1,"3":1,"4":0,"5":0,"6":0,"7":0,"8":0,"9":0},"b":{"0":[0,1],"1":[1,1],"2":[0,0],"3":[0,0]}}
,"/Users/ahmad.ramadhan/Documents/sides/express-binar-car-rental/api/src/controllers/usersController.ts": {"path":"/Users/ahmad.ramadhan/Documents/sides/express-binar-car-rental/api/src/controllers/usersController.ts","statementMap":{"0":{"start":{"line":2,"column":0},"end":{"line":2,"column":31}},"1":{"start":{"line":3,"column":0},"end":{"line":3,"column":44}},"2":{"start":{"line":5,"column":0},"end":{"line":5,"column":26}},"3":{"start":{"line":7,"column":23},"end":{"line":7,"column":38}},"4":{"start":{"line":8,"column":24},"end":{"line":8,"column":65}},"5":{"start":{"line":9,"column":22},"end":{"line":9,"column":61}},"6":{"start":{"line":16,"column":20},"end":{"line":18,"column":1}},"7":{"start":{"line":17,"column":2},"end":{"line":17,"column":67}},"8":{"start":{"line":21,"column":19},"end":{"line":44,"column":2}},"9":{"start":{"line":21,"column":38},"end":{"line":44,"column":2}},"10":{"start":{"line":22,"column":24},"end":{"line":22,"column":55}},"11":{"start":{"line":24,"column":19},"end":{"line":30,"column":null}},"12":{"start":{"line":38,"column":2},"end":{"line":38,"column":48}},"13":{"start":{"line":40,"column":2},"end":{"line":43,"column":5}},"14":{"start":{"line":47,"column":17},"end":{"line":61,"column":2}},"15":{"start":{"line":47,"column":55},"end":{"line":61,"column":2}},"16":{"start":{"line":48,"column":16},"end":{"line":48,"column":30}},"17":{"start":{"line":49,"column":19},"end":{"line":49,"column":42}},"18":{"start":{"line":52,"column":28},"end":{"line":52,"column":59}},"19":{"start":{"line":55,"column":2},"end":{"line":55,"column":71}},"20":{"start":{"line":58,"column":2},"end":{"line":60,"column":5}},"21":{"start":{"line":64,"column":14},"end":{"line":103,"column":2}},"22":{"start":{"line":64,"column":52},"end":{"line":103,"column":2}},"23":{"start":{"line":65,"column":16},"end":{"line":65,"column":51}},"24":{"start":{"line":66,"column":19},"end":{"line":66,"column":42}},"25":{"start":{"line":69,"column":15},"end":{"line":69,"column":53}},"26":{"start":{"line":71,"column":2},"end":{"line":76,"column":null}},"27":{"start":{"line":72,"column":4},"end":{"line":75,"column":7}},"28":{"start":{"line":78,"column":26},"end":{"line":78,"column":70}},"29":{"start":{"line":80,"column":2},"end":{"line":85,"column":null}},"30":{"start":{"line":81,"column":4},"end":{"line":84,"column":7}},"31":{"start":{"line":87,"column":16},"end":{"line":91,"column":4}},"32":{"start":{"line":93,"column":2},"end":{"line":97,"column":5}},"33":{"start":{"line":107,"column":23},"end":{"line":110,"column":1}},"34":{"start":{"line":109,"column":2},"end":{"line":109,"column":33}},"35":{"start":{"line":113,"column":18},"end":{"line":133,"column":2}},"36":{"start":{"line":113,"column":71},"end":{"line":133,"column":2}},"37":{"start":{"line":114,"column":2},"end":{"line":131,"column":null}},"38":{"start":{"line":115,"column":24},"end":{"line":115,"column":49}},"39":{"start":{"line":116,"column":18},"end":{"line":116,"column":58}},"40":{"start":{"line":117,"column":25},"end":{"line":119,"column":null}},"41":{"start":{"line":121,"column":4},"end":{"line":121,"column":54}},"42":{"start":{"line":124,"column":4},"end":{"line":124,"column":69}},"43":{"start":{"line":126,"column":4},"end":{"line":126,"column":11}},"44":{"start":{"line":128,"column":4},"end":{"line":130,"column":7}},"45":{"start":{"line":132,"column":2},"end":{"line":132,"column":5}},"46":{"start":{"line":135,"column":0},"end":{"line":141,"column":2}}},"fnMap":{"0":{"name":"(anonymous_8)","decl":{"start":{"line":16,"column":20},"end":{"line":16,"column":21}},"loc":{"start":{"line":16,"column":45},"end":{"line":18,"column":1}}},"1":{"name":"(anonymous_9)","decl":{"start":{"line":21,"column":19},"end":{"line":21,"column":26}},"loc":{"start":{"line":21,"column":38},"end":{"line":44,"column":2}}},"2":{"name":"(anonymous_10)","decl":{"start":{"line":21,"column":38},"end":{"line":21,"column":null}},"loc":{"start":{"line":21,"column":38},"end":{"line":44,"column":1}}},"3":{"name":"(anonymous_11)","decl":{"start":{"line":47,"column":17},"end":{"line":47,"column":24}},"loc":{"start":{"line":47,"column":55},"end":{"line":61,"column":2}}},"4":{"name":"(anonymous_12)","decl":{"start":{"line":47,"column":55},"end":{"line":47,"column":null}},"loc":{"start":{"line":47,"column":55},"end":{"line":61,"column":1}}},"5":{"name":"(anonymous_13)","decl":{"start":{"line":64,"column":14},"end":{"line":64,"column":21}},"loc":{"start":{"line":64,"column":52},"end":{"line":103,"column":2}}},"6":{"name":"(anonymous_14)","decl":{"start":{"line":64,"column":52},"end":{"line":64,"column":null}},"loc":{"start":{"line":64,"column":52},"end":{"line":103,"column":1}}},"7":{"name":"(anonymous_15)","decl":{"start":{"line":107,"column":23},"end":{"line":107,"column":24}},"loc":{"start":{"line":107,"column":45},"end":{"line":110,"column":1}}},"8":{"name":"(anonymous_16)","decl":{"start":{"line":113,"column":18},"end":{"line":113,"column":25}},"loc":{"start":{"line":113,"column":71},"end":{"line":133,"column":2}}},"9":{"name":"(anonymous_17)","decl":{"start":{"line":113,"column":71},"end":{"line":113,"column":null}},"loc":{"start":{"line":113,"column":71},"end":{"line":133,"column":1}}}},"branchMap":{"0":{"loc":{"start":{"line":17,"column":27},"end":{"line":17,"column":65}},"type":"binary-expr","locations":[{"start":{"line":17,"column":27},"end":{"line":17,"column":52}},{"start":{"line":17,"column":56},"end":{"line":17,"column":65}}]},"1":{"loc":{"start":{"line":22,"column":24},"end":{"line":22,"column":55}},"type":"binary-expr","locations":[{"start":{"line":22,"column":24},"end":{"line":22,"column":49}},{"start":{"line":22,"column":53},"end":{"line":22,"column":55}}]},"2":{"loc":{"start":{"line":49,"column":19},"end":{"line":49,"column":42}},"type":"binary-expr","locations":[{"start":{"line":49,"column":19},"end":{"line":49,"column":36}},{"start":{"line":49,"column":40},"end":{"line":49,"column":42}}]},"3":{"loc":{"start":{"line":66,"column":19},"end":{"line":66,"column":42}},"type":"binary-expr","locations":[{"start":{"line":66,"column":19},"end":{"line":66,"column":36}},{"start":{"line":66,"column":40},"end":{"line":66,"column":42}}]},"4":{"loc":{"start":{"line":71,"column":2},"end":{"line":76,"column":null}},"type":"if","locations":[{"start":{"line":71,"column":2},"end":{"line":76,"column":null}}]},"5":{"loc":{"start":{"line":80,"column":2},"end":{"line":85,"column":null}},"type":"if","locations":[{"start":{"line":80,"column":2},"end":{"line":85,"column":null}}]},"6":{"loc":{"start":{"line":116,"column":18},"end":{"line":116,"column":58}},"type":"binary-expr","locations":[{"start":{"line":116,"column":18},"end":{"line":116,"column":52}},{"start":{"line":116,"column":56},"end":{"line":116,"column":58}}]},"7":{"loc":{"start":{"line":116,"column":18},"end":{"line":116,"column":52}},"type":"cond-expr","locations":[{"start":{"line":116,"column":47},"end":{"line":116,"column":50}},{"start":{"line":116,"column":47},"end":{"line":116,"column":52}}]},"8":{"loc":{"start":{"line":116,"column":18},"end":{"line":116,"column":50}},"type":"binary-expr","locations":[{"start":{"line":116,"column":18},"end":{"line":116,"column":50}},{"start":{"line":116,"column":47},"end":{"line":116,"column":50}}]},"9":{"loc":{"start":{"line":116,"column":18},"end":{"line":116,"column":47}},"type":"cond-expr","locations":[{"start":{"line":116,"column":29},"end":{"line":116,"column":31}},{"start":{"line":116,"column":18},"end":{"line":116,"column":47}}]},"10":{"loc":{"start":{"line":116,"column":18},"end":{"line":116,"column":31}},"type":"binary-expr","locations":[{"start":{"line":116,"column":18},"end":{"line":116,"column":31}},{"start":{"line":116,"column":18},"end":{"line":116,"column":31}}]},"11":{"loc":{"start":{"line":119,"column":6},"end":{"line":119,"column":44}},"type":"binary-expr","locations":[{"start":{"line":119,"column":6},"end":{"line":119,"column":31}},{"start":{"line":119,"column":35},"end":{"line":119,"column":44}}]}},"s":{"0":1,"1":1,"2":1,"3":1,"4":1,"5":1,"6":1,"7":0,"8":1,"9":0,"10":0,"11":0,"12":0,"13":0,"14":1,"15":0,"16":0,"17":0,"18":0,"19":0,"20":0,"21":1,"22":0,"23":0,"24":0,"25":0,"26":0,"27":0,"28":0,"29":0,"30":0,"31":0,"32":0,"33":1,"34":0,"35":1,"36":0,"37":0,"38":0,"39":0,"40":0,"41":0,"42":0,"43":0,"44":0,"45":0,"46":1},"f":{"0":0,"1":0,"2":0,"3":0,"4":0,"5":0,"6":0,"7":0,"8":0,"9":0},"b":{"0":[0,0],"1":[0,0],"2":[0,0],"3":[0,0],"4":[0],"5":[0],"6":[0,0],"7":[0,0],"8":[0,0],"9":[0,0],"10":[0,0],"11":[0,0]}}
,"/Users/ahmad.ramadhan/Documents/sides/express-binar-car-rental/api/src/middleware/handlerLogger.js": {"path":"/Users/ahmad.ramadhan/Documents/sides/express-binar-car-rental/api/src/middleware/handlerLogger.js","statementMap":{"0":{"start":{"line":1,"column":21},"end":{"line":4,"column":1}},"1":{"start":{"line":2,"column":4},"end":{"line":2,"column":82}},"2":{"start":{"line":3,"column":4},"end":{"line":3,"column":11}},"3":{"start":{"line":6,"column":0},"end":{"line":6,"column":30}}},"fnMap":{"0":{"name":"(anonymous_0)","decl":{"start":{"line":1,"column":21},"end":{"line":1,"column":22}},"loc":{"start":{"line":1,"column":41},"end":{"line":4,"column":1}},"line":1}},"branchMap":{},"s":{"0":1,"1":1,"2":1,"3":1},"f":{"0":1},"b":{},"inputSourceMap":null,"_coverageSchema":"1a1c01bbd47fc00a2c39e90264f33305004495a9","hash":"0dac7a0ade5ae9b83928ddeb38945e11c0bc04fa"}
,"/Users/ahmad.ramadhan/Documents/sides/express-binar-car-rental/api/src/middleware/isAdmin.js": {"path":"/Users/ahmad.ramadhan/Documents/sides/express-binar-car-rental/api/src/middleware/isAdmin.js","statementMap":{"0":{"start":{"line":1,"column":16},"end":{"line":11,"column":1}},"1":{"start":{"line":2,"column":4},"end":{"line":5,"column":5}},"2":{"start":{"line":3,"column":8},"end":{"line":3,"column":15}},"3":{"start":{"line":4,"column":8},"end":{"line":4,"column":15}},"4":{"start":{"line":7,"column":4},"end":{"line":10,"column":6}},"5":{"start":{"line":14,"column":0},"end":{"line":14,"column":24}}},"fnMap":{"0":{"name":"(anonymous_0)","decl":{"start":{"line":1,"column":16},"end":{"line":1,"column":17}},"loc":{"start":{"line":1,"column":36},"end":{"line":11,"column":1}},"line":1}},"branchMap":{"0":{"loc":{"start":{"line":2,"column":4},"end":{"line":5,"column":5}},"type":"if","locations":[{"start":{"line":2,"column":4},"end":{"line":5,"column":5}},{"start":{},"end":{}}],"line":2}},"s":{"0":1,"1":0,"2":0,"3":0,"4":0,"5":1},"f":{"0":0},"b":{"0":[0,0]},"inputSourceMap":null,"_coverageSchema":"1a1c01bbd47fc00a2c39e90264f33305004495a9","hash":"f28920925ee4d2544a3b14d0823ebc7ac85fa3bf"}
,"/Users/ahmad.ramadhan/Documents/sides/express-binar-car-rental/api/src/middleware/upload.js": {"path":"/Users/ahmad.ramadhan/Documents/sides/express-binar-car-rental/api/src/middleware/upload.js","statementMap":{"0":{"start":{"line":1,"column":15},"end":{"line":1,"column":32}},"1":{"start":{"line":2,"column":13},"end":{"line":2,"column":28}},"2":{"start":{"line":8,"column":16},"end":{"line":8,"column":38}},"3":{"start":{"line":24,"column":0},"end":{"line":24,"column":34}}},"fnMap":{},"branchMap":{},"s":{"0":1,"1":1,"2":1,"3":1},"f":{},"b":{},"inputSourceMap":null,"_coverageSchema":"1a1c01bbd47fc00a2c39e90264f33305004495a9","hash":"cf33edcd4aefae0dc3071fc6006a12a265f7f4b2"}
,"/Users/ahmad.ramadhan/Documents/sides/express-binar-car-rental/api/src/models/CarBrands.ts": {"path":"/Users/ahmad.ramadhan/Documents/sides/express-binar-car-rental/api/src/models/CarBrands.ts","statementMap":{"0":{"start":{"line":1,"column":0},"end":{"line":1,"column":45}},"1":{"start":{"line":8,"column":8},"end":{"line":8,"column":28}},"2":{"start":{"line":3,"column":0},"end":{"line":3,"column":13}}},"fnMap":{"0":{"name":"(anonymous_0)","decl":{"start":{"line":7,"column":4},"end":{"line":7,"column":10}},"loc":{"start":{"line":7,"column":24},"end":{"line":9,"column":5}}}},"branchMap":{},"s":{"0":1,"1":3,"2":1},"f":{"0":3},"b":{}}
,"/Users/ahmad.ramadhan/Documents/sides/express-binar-car-rental/api/src/models/User.ts": {"path":"/Users/ahmad.ramadhan/Documents/sides/express-binar-car-rental/api/src/models/User.ts","statementMap":{"0":{"start":{"line":1,"column":0},"end":{"line":1,"column":45}},"1":{"start":{"line":8,"column":8},"end":{"line":8,"column":null}},"2":{"start":{"line":3,"column":0},"end":{"line":3,"column":13}}},"fnMap":{"0":{"name":"(anonymous_0)","decl":{"start":{"line":7,"column":4},"end":{"line":7,"column":10}},"loc":{"start":{"line":7,"column":24},"end":{"line":9,"column":5}}}},"branchMap":{},"s":{"0":1,"1":0,"2":1},"f":{"0":0},"b":{}}
,"/Users/ahmad.ramadhan/Documents/sides/express-binar-car-rental/api/src/repositories/cars.ts": {"path":"/Users/ahmad.ramadhan/Documents/sides/express-binar-car-rental/api/src/repositories/cars.ts","statementMap":{"0":{"start":{"line":1,"column":0},"end":{"line":1,"column":52}},"1":{"start":{"line":5,"column":8},"end":{"line":5,"column":50}},"2":{"start":{"line":9,"column":24},"end":{"line":9,"column":32}},"3":{"start":{"line":12,"column":29},"end":{"line":12,"column":39}},"4":{"start":{"line":15,"column":21},"end":{"line":15,"column":34}},"5":{"start":{"line":17,"column":8},"end":{"line":17,"column":88}},"6":{"start":{"line":3,"column":0},"end":{"line":3,"column":21}}},"fnMap":{"0":{"name":"(anonymous_7)","decl":{"start":{"line":4,"column":10},"end":{"line":4,"column":16}},"loc":{"start":{"line":4,"column":16},"end":{"line":6,"column":null}}},"1":{"name":"(anonymous_9)","decl":{"start":{"line":8,"column":10},"end":{"line":8,"column":14}},"loc":{"start":{"line":8,"column":27},"end":{"line":18,"column":null}}},"2":{"name":"(anonymous_11)","decl":{"start":{"line":20,"column":10},"end":{"line":20,"column":17}},"loc":{"start":{"line":20,"column":17},"end":{"line":22,"column":null}}},"3":{"name":"(anonymous_13)","decl":{"start":{"line":24,"column":10},"end":{"line":24,"column":16}},"loc":{"start":{"line":24,"column":16},"end":{"line":26,"column":null}}},"4":{"name":"(anonymous_15)","decl":{"start":{"line":28,"column":10},"end":{"line":28,"column":16}},"loc":{"start":{"line":28,"column":16},"end":{"line":30,"column":null}}}},"branchMap":{"0":{"loc":{"start":{"line":5,"column":15},"end":{"line":5,"column":49}},"type":"binary-expr","locations":[{"start":{"line":5,"column":15},"end":{"line":5,"column":43}},{"start":{"line":5,"column":47},"end":{"line":5,"column":49}}]},"1":{"loc":{"start":{"line":15,"column":21},"end":{"line":15,"column":34}},"type":"cond-expr","locations":[{"start":{"line":15,"column":28},"end":{"line":15,"column":30}},{"start":{"line":15,"column":21},"end":{"line":15,"column":34}}]},"2":{"loc":{"start":{"line":15,"column":21},"end":{"line":15,"column":30}},"type":"binary-expr","locations":[{"start":{"line":15,"column":21},"end":{"line":15,"column":30}},{"start":{"line":15,"column":21},"end":{"line":15,"column":30}}]}},"s":{"0":1,"1":0,"2":0,"3":0,"4":0,"5":0,"6":1},"f":{"0":0,"1":0,"2":0,"3":0,"4":0},"b":{"0":[0,0],"1":[0,0],"2":[0,0]}}
,"/Users/ahmad.ramadhan/Documents/sides/express-binar-car-rental/api/src/repositories/users.ts": {"path":"/Users/ahmad.ramadhan/Documents/sides/express-binar-car-rental/api/src/repositories/users.ts","statementMap":{"0":{"start":{"line":1,"column":0},"end":{"line":1,"column":43}},"1":{"start":{"line":10,"column":23},"end":{"line":10,"column":34}},"2":{"start":{"line":11,"column":26},"end":{"line":11,"column":40}},"3":{"start":{"line":13,"column":8},"end":{"line":13,"column":80}},"4":{"start":{"line":19,"column":8},"end":{"line":21,"column":26}},"5":{"start":{"line":26,"column":8},"end":{"line":26,"column":null}},"6":{"start":{"line":27,"column":8},"end":{"line":27,"column":null}},"7":{"start":{"line":8,"column":0},"end":{"line":8,"column":21}}},"fnMap":{"0":{"name":"(anonymous_7)","decl":{"start":{"line":9,"column":10},"end":{"line":9,"column":14}},"loc":{"start":{"line":9,"column":29},"end":{"line":14,"column":6}}},"1":{"name":"(anonymous_9)","decl":{"start":{"line":16,"column":10},"end":{"line":16,"column":13}},"loc":{"start":{"line":16,"column":27},"end":{"line":22,"column":null}}},"2":{"name":"(anonymous_11)","decl":{"start":{"line":25,"column":10},"end":{"line":25,"column":17}},"loc":{"start":{"line":25,"column":40},"end":{"line":28,"column":null}}}},"branchMap":{},"s":{"0":1,"1":0,"2":0,"3":0,"4":0,"5":0,"6":0,"7":1},"f":{"0":0,"1":0,"2":0},"b":{}}
,"/Users/ahmad.ramadhan/Documents/sides/express-binar-car-rental/api/src/routes/carRouter.ts": {"path":"/Users/ahmad.ramadhan/Documents/sides/express-binar-car-rental/api/src/routes/carRouter.ts","statementMap":{"0":{"start":{"line":2,"column":16},"end":{"line":2,"column":34}},"1":{"start":{"line":4,"column":16},"end":{"line":4,"column":32}},"2":{"start":{"line":5,"column":22},"end":{"line":5,"column":65}},"3":{"start":{"line":13,"column":0},"end":{"line":13,"column":35}},"4":{"start":{"line":16,"column":0},"end":{"line":16,"column":null}},"5":{"start":{"line":19,"column":0},"end":{"line":19,"column":42}},"6":{"start":{"line":22,"column":0},"end":{"line":22,"column":55}},"7":{"start":{"line":25,"column":0},"end":{"line":25,"column":null}},"8":{"start":{"line":27,"column":0},"end":{"line":27,"column":24}}},"fnMap":{},"branchMap":{},"s":{"0":1,"1":1,"2":1,"3":1,"4":1,"5":1,"6":1,"7":1,"8":1},"f":{},"b":{}}
,"/Users/ahmad.ramadhan/Documents/sides/express-binar-car-rental/api/src/routes/userRouter.ts": {"path":"/Users/ahmad.ramadhan/Documents/sides/express-binar-car-rental/api/src/routes/userRouter.ts","statementMap":{"0":{"start":{"line":2,"column":16},"end":{"line":2,"column":34}},"1":{"start":{"line":4,"column":15},"end":{"line":4,"column":31}},"2":{"start":{"line":5,"column":23},"end":{"line":5,"column":66}},"3":{"start":{"line":9,"column":0},"end":{"line":9,"column":83}},"4":{"start":{"line":10,"column":0},"end":{"line":10,"column":50}},"5":{"start":{"line":11,"column":0},"end":{"line":11,"column":44}},"6":{"start":{"line":12,"column":0},"end":{"line":12,"column":null}},"7":{"start":{"line":15,"column":0},"end":{"line":15,"column":24}}},"fnMap":{},"branchMap":{},"s":{"0":1,"1":1,"2":1,"3":1,"4":1,"5":1,"6":1,"7":1},"f":{},"b":{}}
,"/Users/ahmad.ramadhan/Documents/sides/express-binar-car-rental/api/src/services/cars.ts": {"path":"/Users/ahmad.ramadhan/Documents/sides/express-binar-car-rental/api/src/services/cars.ts","statementMap":{"0":{"start":{"line":1,"column":0},"end":{"line":1,"column":49}},"1":{"start":{"line":4,"column":4},"end":{"line":4,"column":34}},"2":{"start":{"line":7,"column":8},"end":{"line":7,"column":50}},"3":{"start":{"line":11,"column":8},"end":{"line":11,"column":50}},"4":{"start":{"line":3,"column":21},"end":{"line":3,"column":null}}},"fnMap":{"0":{"name":"(anonymous_10)","decl":{"start":{"line":6,"column":4},"end":{"line":6,"column":null}},"loc":{"start":{"line":6,"column":4},"end":{"line":8,"column":5}}},"1":{"name":"(anonymous_11)","decl":{"start":{"line":10,"column":9},"end":{"line":10,"column":15}},"loc":{"start":{"line":10,"column":15},"end":{"line":12,"column":null}}},"2":{"name":"(anonymous_13)","decl":{"start":{"line":14,"column":10},"end":{"line":14,"column":17}},"loc":{"start":{"line":14,"column":17},"end":{"line":16,"column":null}}},"3":{"name":"(anonymous_15)","decl":{"start":{"line":18,"column":10},"end":{"line":18,"column":14}},"loc":{"start":{"line":18,"column":14},"end":{"line":20,"column":null}}},"4":{"name":"(anonymous_17)","decl":{"start":{"line":22,"column":10},"end":{"line":22,"column":16}},"loc":{"start":{"line":22,"column":16},"end":{"line":24,"column":null}}},"5":{"name":"(anonymous_19)","decl":{"start":{"line":26,"column":10},"end":{"line":26,"column":16}},"loc":{"start":{"line":26,"column":16},"end":{"line":28,"column":null}}}},"branchMap":{},"s":{"0":1,"1":0,"2":0,"3":0,"4":1},"f":{"0":0,"1":0,"2":0,"3":0,"4":0,"5":0},"b":{}}
,"/Users/ahmad.ramadhan/Documents/sides/express-binar-car-rental/api/src/services/users.ts": {"path":"/Users/ahmad.ramadhan/Documents/sides/express-binar-car-rental/api/src/services/users.ts","statementMap":{"0":{"start":{"line":1,"column":0},"end":{"line":1,"column":51}},"1":{"start":{"line":14,"column":4},"end":{"line":14,"column":36}},"2":{"start":{"line":17,"column":8},"end":{"line":17,"column":52}},"3":{"start":{"line":22,"column":8},"end":{"line":22,"column":54}},"4":{"start":{"line":26,"column":22},"end":{"line":26,"column":39}},"5":{"start":{"line":27,"column":8},"end":{"line":27,"column":null}},"6":{"start":{"line":31,"column":8},"end":{"line":31,"column":null}},"7":{"start":{"line":13,"column":21},"end":{"line":13,"column":null}}},"fnMap":{"0":{"name":"(anonymous_10)","decl":{"start":{"line":16,"column":4},"end":{"line":16,"column":null}},"loc":{"start":{"line":16,"column":4},"end":{"line":18,"column":5}}},"1":{"name":"(anonymous_11)","decl":{"start":{"line":21,"column":10},"end":{"line":21,"column":14}},"loc":{"start":{"line":21,"column":29},"end":{"line":23,"column":null}}},"2":{"name":"(anonymous_13)","decl":{"start":{"line":25,"column":10},"end":{"line":25,"column":13}},"loc":{"start":{"line":25,"column":28},"end":{"line":28,"column":null}}},"3":{"name":"(anonymous_15)","decl":{"start":{"line":30,"column":10},"end":{"line":30,"column":17}},"loc":{"start":{"line":30,"column":40},"end":{"line":32,"column":null}}}},"branchMap":{"0":{"loc":{"start":{"line":26,"column":22},"end":{"line":26,"column":39}},"type":"binary-expr","locations":[{"start":{"line":26,"column":22},"end":{"line":26,"column":33}},{"start":{"line":26,"column":37},"end":{"line":26,"column":39}}]}},"s":{"0":1,"1":0,"2":0,"3":0,"4":0,"5":0,"6":0,"7":1},"f":{"0":0,"1":0,"2":0,"3":0},"b":{"0":[0,0]}}
,"/Users/ahmad.ramadhan/Documents/sides/express-binar-car-rental/api/src/utilities/checkPassword.ts": {"path":"/Users/ahmad.ramadhan/Documents/sides/express-binar-car-rental/api/src/utilities/checkPassword.ts","statementMap":{"0":{"start":{"line":3,"column":15},"end":{"line":3,"column":34}},"1":{"start":{"line":4,"column":13},"end":{"line":4,"column":15}},"2":{"start":{"line":7,"column":4},"end":{"line":16,"column":null}},"3":{"start":{"line":8,"column":8},"end":{"line":15,"column":null}},"4":{"start":{"line":9,"column":12},"end":{"line":12,"column":null}},"5":{"start":{"line":10,"column":16},"end":{"line":10,"column":28}},"6":{"start":{"line":11,"column":16},"end":{"line":11,"column":23}},"7":{"start":{"line":14,"column":12},"end":{"line":14,"column":35}},"8":{"start":{"line":19,"column":0},"end":{"line":19,"column":31}}},"fnMap":{"0":{"name":"checkPassword","decl":{"start":{"line":6,"column":9},"end":{"line":6,"column":22}},"loc":{"start":{"line":6,"column":58},"end":{"line":17,"column":1}}},"1":{"name":"(anonymous_1)","decl":{"start":{"line":7,"column":23},"end":{"line":7,"column":24}},"loc":{"start":{"line":7,"column":42},"end":{"line":16,"column":5}}},"2":{"name":"(anonymous_2)","decl":{"start":{"line":8,"column":44},"end":{"line":8,"column":45}},"loc":{"start":{"line":8,"column":81},"end":{"line":15,"column":9}}}},"branchMap":{"0":{"loc":{"start":{"line":9,"column":12},"end":{"line":12,"column":null}},"type":"if","locations":[{"start":{"line":9,"column":12},"end":{"line":12,"column":null}}]}},"s":{"0":1,"1":1,"2":0,"3":0,"4":0,"5":0,"6":0,"7":0,"8":1},"f":{"0":0,"1":0,"2":0},"b":{"0":[0]}}
,"/Users/ahmad.ramadhan/Documents/sides/express-binar-car-rental/api/src/utilities/encryptPassword.ts": {"path":"/Users/ahmad.ramadhan/Documents/sides/express-binar-car-rental/api/src/utilities/encryptPassword.ts","statementMap":{"0":{"start":{"line":2,"column":15},"end":{"line":2,"column":34}},"1":{"start":{"line":3,"column":13},"end":{"line":3,"column":15}},"2":{"start":{"line":6,"column":4},"end":{"line":15,"column":null}},"3":{"start":{"line":7,"column":8},"end":{"line":14,"column":null}},"4":{"start":{"line":8,"column":12},"end":{"line":11,"column":null}},"5":{"start":{"line":9,"column":16},"end":{"line":9,"column":28}},"6":{"start":{"line":10,"column":16},"end":{"line":10,"column":23}},"7":{"start":{"line":13,"column":12},"end":{"line":13,"column":null}},"8":{"start":{"line":18,"column":0},"end":{"line":18,"column":33}}},"fnMap":{"0":{"name":"encryptPassword","decl":{"start":{"line":5,"column":9},"end":{"line":5,"column":24}},"loc":{"start":{"line":5,"column":37},"end":{"line":16,"column":1}}},"1":{"name":"(anonymous_1)","decl":{"start":{"line":6,"column":23},"end":{"line":6,"column":24}},"loc":{"start":{"line":6,"column":42},"end":{"line":15,"column":5}}},"2":{"name":"(anonymous_2)","decl":{"start":{"line":7,"column":32},"end":{"line":7,"column":33}},"loc":{"start":{"line":7,"column":69},"end":{"line":14,"column":9}}}},"branchMap":{"0":{"loc":{"start":{"line":8,"column":12},"end":{"line":11,"column":null}},"type":"if","locations":[{"start":{"line":8,"column":12},"end":{"line":11,"column":null}}]}},"s":{"0":1,"1":1,"2":0,"3":0,"4":0,"5":0,"6":0,"7":0,"8":1},"f":{"0":0,"1":0,"2":0},"b":{"0":[0]}}
}
