TN:
SF:index.ts
FN:56,(anonymous_0)
FN:61,(anonymous_1)
FN:75,(anonymous_2)
FNF:3
FNH:1
FNDA:0,(anonymous_0)
FNDA:0,(anonymous_1)
FNDA:1,(anonymous_2)
DA:1,1
DA:2,1
DA:3,1
DA:4,1
DA:5,1
DA:7,1
DA:8,1
DA:9,1
DA:10,1
DA:11,1
DA:12,1
DA:13,1
DA:14,1
DA:17,1
DA:18,1
DA:19,1
DA:20,1
DA:21,1
DA:22,1
DA:32,1
DA:34,1
DA:35,1
DA:41,1
DA:43,1
DA:46,1
DA:47,1
DA:48,1
DA:51,1
DA:52,1
DA:53,1
DA:56,1
DA:57,0
DA:58,0
DA:61,0
DA:62,0
DA:63,0
DA:68,0
DA:75,1
DA:76,1
DA:80,1
LF:40
LH:34
BRDA:62,0,0,0
BRF:1
BRH:0
end_of_record
TN:
SF:src/controllers/carsControllers.ts
FN:9,(anonymous_8)
FN:9,(anonymous_9)
FN:37,(anonymous_10)
FN:37,(anonymous_11)
FN:60,(anonymous_12)
FN:60,(anonymous_13)
FN:86,(anonymous_14)
FN:86,(anonymous_15)
FN:103,(anonymous_16)
FN:103,(anonymous_17)
FNF:10
FNH:2
FNDA:0,(anonymous_8)
FNDA:0,(anonymous_9)
FNDA:1,(anonymous_10)
FNDA:1,(anonymous_11)
FNDA:0,(anonymous_12)
FNDA:0,(anonymous_13)
FNDA:0,(anonymous_14)
FNDA:0,(anonymous_15)
FNDA:0,(anonymous_16)
FNDA:0,(anonymous_17)
DA:1,1
DA:2,1
DA:4,1
DA:5,1
DA:6,1
DA:9,1
DA:10,0
DA:12,0
DA:37,1
DA:38,1
DA:40,1
DA:43,1
DA:46,1
DA:48,1
DA:54,1
DA:60,1
DA:62,0
DA:64,0
DA:65,0
DA:67,0
DA:70,0
DA:86,1
DA:89,0
DA:90,0
DA:92,0
DA:97,0
DA:103,1
DA:104,0
DA:106,0
DA:109,0
DA:112,0
DA:114,0
DA:119,0
DA:122,1
LF:34
LH:17
BRDA:46,0,0,0
BRDA:46,0,1,1
BRDA:46,1,0,1
BRDA:46,1,1,1
BRDA:112,2,0,0
BRDA:112,2,1,0
BRDA:112,3,0,0
BRDA:112,3,1,0
BRF:8
BRH:3
end_of_record
TN:
SF:src/controllers/usersController.ts
FN:16,(anonymous_8)
FN:21,(anonymous_9)
FN:21,(anonymous_10)
FN:47,(anonymous_11)
FN:47,(anonymous_12)
FN:64,(anonymous_13)
FN:64,(anonymous_14)
FN:107,(anonymous_15)
FN:113,(anonymous_16)
FN:113,(anonymous_17)
FNF:10
FNH:0
FNDA:0,(anonymous_8)
FNDA:0,(anonymous_9)
FNDA:0,(anonymous_10)
FNDA:0,(anonymous_11)
FNDA:0,(anonymous_12)
FNDA:0,(anonymous_13)
FNDA:0,(anonymous_14)
FNDA:0,(anonymous_15)
FNDA:0,(anonymous_16)
FNDA:0,(anonymous_17)
DA:2,1
DA:3,1
DA:5,1
DA:7,1
DA:8,1
DA:9,1
DA:16,1
DA:17,0
DA:21,1
DA:22,0
DA:24,0
DA:38,0
DA:40,0
DA:47,1
DA:48,0
DA:49,0
DA:52,0
DA:55,0
DA:58,0
DA:64,1
DA:65,0
DA:66,0
DA:69,0
DA:71,0
DA:72,0
DA:78,0
DA:80,0
DA:81,0
DA:87,0
DA:93,0
DA:107,1
DA:109,0
DA:113,1
DA:114,0
DA:115,0
DA:116,0
DA:117,0
DA:121,0
DA:124,0
DA:126,0
DA:128,0
DA:132,0
DA:135,1
LF:43
LH:13
BRDA:17,0,0,0
BRDA:17,0,1,0
BRDA:22,1,0,0
BRDA:22,1,1,0
BRDA:49,2,0,0
BRDA:49,2,1,0
BRDA:66,3,0,0
BRDA:66,3,1,0
BRDA:71,4,0,0
BRDA:80,5,0,0
BRDA:116,6,0,0
BRDA:116,6,1,0
BRDA:116,7,0,0
BRDA:116,7,1,0
BRDA:116,8,0,0
BRDA:116,8,1,0
BRDA:116,9,0,0
BRDA:116,9,1,0
BRDA:116,10,0,0
BRDA:116,10,1,0
BRDA:119,11,0,0
BRDA:119,11,1,0
BRF:22
BRH:0
end_of_record
TN:
SF:src/middleware/handlerLogger.js
FN:1,(anonymous_0)
FNF:1
FNH:1
FNDA:1,(anonymous_0)
DA:1,1
DA:2,1
DA:3,1
DA:6,1
LF:4
LH:4
BRF:0
BRH:0
end_of_record
TN:
SF:src/middleware/isAdmin.js
FN:1,(anonymous_0)
FNF:1
FNH:0
FNDA:0,(anonymous_0)
DA:1,1
DA:2,0
DA:3,0
DA:4,0
DA:7,0
DA:14,1
LF:6
LH:2
BRDA:2,0,0,0
BRDA:2,0,1,0
BRF:2
BRH:0
end_of_record
TN:
SF:src/middleware/upload.js
FNF:0
FNH:0
DA:1,1
DA:2,1
DA:8,1
DA:24,1
LF:4
LH:4
BRF:0
BRH:0
end_of_record
TN:
SF:src/models/CarBrands.ts
FN:7,(anonymous_0)
FNF:1
FNH:1
FNDA:3,(anonymous_0)
DA:1,1
DA:3,1
DA:8,3
LF:3
LH:3
BRF:0
BRH:0
end_of_record
TN:
SF:src/models/User.ts
FN:7,(anonymous_0)
FNF:1
FNH:0
FNDA:0,(anonymous_0)
DA:1,1
DA:3,1
DA:8,0
LF:3
LH:2
BRF:0
BRH:0
end_of_record
TN:
SF:src/repositories/cars.ts
FN:4,(anonymous_7)
FN:8,(anonymous_9)
FN:20,(anonymous_11)
FN:24,(anonymous_13)
FN:28,(anonymous_15)
FNF:5
FNH:0
FNDA:0,(anonymous_7)
FNDA:0,(anonymous_9)
FNDA:0,(anonymous_11)
FNDA:0,(anonymous_13)
FNDA:0,(anonymous_15)
DA:1,1
DA:3,1
DA:5,0
DA:9,0
DA:12,0
DA:15,0
DA:17,0
LF:7
LH:2
BRDA:5,0,0,0
BRDA:5,0,1,0
BRDA:15,1,0,0
BRDA:15,1,1,0
BRDA:15,2,0,0
BRDA:15,2,1,0
BRF:6
BRH:0
end_of_record
TN:
SF:src/repositories/users.ts
FN:9,(anonymous_7)
FN:16,(anonymous_9)
FN:25,(anonymous_11)
FNF:3
FNH:0
FNDA:0,(anonymous_7)
FNDA:0,(anonymous_9)
FNDA:0,(anonymous_11)
DA:1,1
DA:8,1
DA:10,0
DA:11,0
DA:13,0
DA:19,0
DA:26,0
DA:27,0
LF:8
LH:2
BRF:0
BRH:0
end_of_record
TN:
SF:src/routes/carRouter.ts
FNF:0
FNH:0
DA:2,1
DA:4,1
DA:5,1
DA:13,1
DA:16,1
DA:19,1
DA:22,1
DA:25,1
DA:27,1
LF:9
LH:9
BRF:0
BRH:0
end_of_record
TN:
SF:src/routes/userRouter.ts
FNF:0
FNH:0
DA:2,1
DA:4,1
DA:5,1
DA:9,1
DA:10,1
DA:11,1
DA:12,1
DA:15,1
LF:8
LH:8
BRF:0
BRH:0
end_of_record
TN:
SF:src/services/cars.ts
FN:6,(anonymous_10)
FN:10,(anonymous_11)
FN:14,(anonymous_13)
FN:18,(anonymous_15)
FN:22,(anonymous_17)
FN:26,(anonymous_19)
FNF:6
FNH:0
FNDA:0,(anonymous_10)
FNDA:0,(anonymous_11)
FNDA:0,(anonymous_13)
FNDA:0,(anonymous_15)
FNDA:0,(anonymous_17)
FNDA:0,(anonymous_19)
DA:1,1
DA:3,1
DA:4,0
DA:7,0
DA:11,0
LF:5
LH:2
BRF:0
BRH:0
end_of_record
TN:
SF:src/services/users.ts
FN:16,(anonymous_10)
FN:21,(anonymous_11)
FN:25,(anonymous_13)
FN:30,(anonymous_15)
FNF:4
FNH:0
FNDA:0,(anonymous_10)
FNDA:0,(anonymous_11)
FNDA:0,(anonymous_13)
FNDA:0,(anonymous_15)
DA:1,1
DA:13,1
DA:14,0
DA:17,0
DA:22,0
DA:26,0
DA:27,0
DA:31,0
LF:8
LH:2
BRDA:26,0,0,0
BRDA:26,0,1,0
BRF:2
BRH:0
end_of_record
TN:
SF:src/utilities/checkPassword.ts
FN:6,checkPassword
FN:7,(anonymous_1)
FN:8,(anonymous_2)
FNF:3
FNH:0
FNDA:0,checkPassword
FNDA:0,(anonymous_1)
FNDA:0,(anonymous_2)
DA:3,1
DA:4,1
DA:7,0
DA:8,0
DA:9,0
DA:10,0
DA:11,0
DA:14,0
DA:19,1
LF:9
LH:3
BRDA:9,0,0,0
BRF:1
BRH:0
end_of_record
TN:
SF:src/utilities/encryptPassword.ts
FN:5,encryptPassword
FN:6,(anonymous_1)
FN:7,(anonymous_2)
FNF:3
FNH:0
FNDA:0,encryptPassword
FNDA:0,(anonymous_1)
FNDA:0,(anonymous_2)
DA:2,1
DA:3,1
DA:6,0
DA:7,0
DA:8,0
DA:9,0
DA:10,0
DA:13,0
DA:18,1
LF:9
LH:3
BRDA:8,0,0,0
BRF:1
BRH:0
end_of_record
